https://gunny.vcdn.vn/flash/ui/vietnam/morn/ui/uicomponent.ui
https://gunny.vcdn.vn/flash/ui/vietnam/morn/ui/ddtcorei.ui
https://gunny.vcdn.vn/flash/ui/vietnam/morn/ui/ddtcoreii.ui
https://gunny.vcdn.vn/flash/ui/vietnam/morn/ui/firstcore.ui
https://gunny.vcdn.vn/flash/ui/vietnam/morn/ui/roadcomponent.ui
https://gunny.vcdn.vn/flash/ui/vietnam/swf/newbie.swf
https://gunny.vcdn.vn/flash/ui/vietnam/morn/ui/coreiconandtip.ui
https://gunny.vcdn.vn/flash/ui/vietnam/morn/ui/sevenday.ui
https://gunny.vcdn.vn/flash/ui/vietnam/swf/goreturn.swf
https://gunny.vcdn.vn/flash/ui/vietnam/morn/ui/chat.ui
https://gunny.vcdn.vn/flash/ui/vietnam/swf/supply.swf
https://gunny.vcdn.vn/flash/ui/vietnam/morn/ui/chatii.ui
https://gunny.vcdn.vn/flash/ui/vietnam/morn/ui/chatball.ui
https://gunny.vcdn.vn/flash/ui/vietnam/morn/ui/game.ui
https://gunny.vcdn.vn/flash/ui/vietnam/swf/dungeon.swf
https://gunny.vcdn.vn/flash/ui/vietnam/morn/ui/defaultliving.ui
https://gunny.vcdn.vn/flash/ui/vietnam/swf/storearm.swf
https://gunny.vcdn.vn/flash/ui/vietnam/morn/ui/gameii.ui
https://gunny.vcdn.vn/flash/ui/vietnam/morn/ui/gameiii.ui
https://gunny.vcdn.vn/flash/ui/vietnam/morn/ui/gameover.ui
https://gunny.vcdn.vn/flash/ui/vietnam/swf/manual.swf
https://gunny.vcdn.vn/flash/ui/vietnam/morn/ui/hall.ui
https://gunny.vcdn.vn/flash/ui/vietnam/morn/ui/ddthall.ui
https://gunny.vcdn.vn/flash/ui/vietnam/morn/ui/ddthallmain.ui
https://gunny.vcdn.vn/flash/ui/vietnam/swf/journal.swf
https://gunny.vcdn.vn/flash/ui/vietnam/morn/ui/ddthallicon.ui
https://gunny.vcdn.vn/flash/ui/vietnam/morn/ui/toffilist.ui
https://gunny.vcdn.vn/flash/ui/vietnam/swf/petssystem.swf
https://gunny.vcdn.vn/flash/ui/vietnam/morn/ui/newbie.ui
https://gunny.vcdn.vn/flash/ui/vietnam/morn/ui/shop.ui
https://gunny.vcdn.vn/flash/ui/vietnam/morn/ui/ddtshop.ui
https://gunny.vcdn.vn/flash/ui/vietnam/morn/ui/ddtstore.ui
https://gunny.vcdn.vn/flash/ui/vietnam/morn/ui/ddtbaglocked.ui
https://gunny.vcdn.vn/flash/ui/vietnam/morn/ui/ddtim.ui
https://gunny.vcdn.vn/flash/ui/vietnam/morn/ui/toolbar.ui
https://gunny.vcdn.vn/flash/ui/vietnam/morn/ui/goreturn.ui
https://gunny.vcdn.vn/flash/ui/vietnam/morn/ui/gotopage.ui
https://gunny.vcdn.vn/flash/ui/vietnam/morn/ui/ddtemail.ui
https://gunny.vcdn.vn/flash/ui/vietnam/morn/ui/bagandinfo.ui
https://gunny.vcdn.vn/flash/ui/vietnam/morn/ui/ddtbagandinfo.ui
https://gunny.vcdn.vn/flash/ui/vietnam/morn/ui/supply.ui
https://gunny.vcdn.vn/flash/ui/vietnam/swf/laurel.swf
https://gunny.vcdn.vn/flash/ui/vietnam/morn/ui/ddtsetting.ui
https://gunny.vcdn.vn/flash/ui/vietnam/morn/ui/daily.ui
https://gunny.vcdn.vn/flash/ui/vietnam/swf/lanternfestival2015.swf
https://gunny.vcdn.vn/flash/ui/vietnam/morn/ui/activeevents.ui
https://gunny.vcdn.vn/flash/ui/vietnam/morn/ui/ddtfeedback.ui
https://gunny.vcdn.vn/flash/ui/vietnam/morn/ui/ddtauction.ui
https://gunny.vcdn.vn/flash/ui/vietnam/morn/ui/ddtawardsystem.ui
https://gunny.vcdn.vn/flash/ui/vietnam/morn/ui/quest.ui
https://gunny.vcdn.vn/flash/ui/vietnam/morn/ui/dungeon.ui
https://gunny.vcdn.vn/flash/ui/vietnam/morn/ui/ddtchurchroomlist.ui
https://gunny.vcdn.vn/flash/ui/vietnam/morn/ui/churchroom.ui
https://gunny.vcdn.vn/flash/ui/vietnam/morn/ui/storearm.ui
https://gunny.vcdn.vn/flash/ui/vietnam/morn/ui/newfightlib.ui
https://gunny.vcdn.vn/flash/ui/vietnam/morn/ui/ddthotspringroomlist.ui
https://gunny.vcdn.vn/flash/ui/vietnam/morn/ui/ddteffort.ui
https://gunny.vcdn.vn/flash/ui/vietnam/morn/ui/playertip.ui
https://gunny.vcdn.vn/flash/ui/vietnam/morn/ui/invite.ui
https://gunny.vcdn.vn/flash/ui/vietnam/morn/ui/changecolor.ui
https://gunny.vcdn.vn/flash/ui/vietnam/morn/ui/hotspringroom.ui
https://gunny.vcdn.vn/flash/ui/vietnam/morn/ui/enthrall.ui
https://gunny.vcdn.vn/flash/ui/vietnam/morn/ui/trainer.ui
https://gunny.vcdn.vn/flash/ui/vietnam/morn/ui/trainerfirstgame.ui
https://gunny.vcdn.vn/flash/ui/vietnam/morn/ui/ddttrainer.ui
https://gunny.vcdn.vn/flash/ui/vietnam/morn/ui/trainerui.ui
https://gunny.vcdn.vn/flash/ui/vietnam/morn/ui/login.ui
https://gunny.vcdn.vn/flash/ui/vietnam/morn/ui/challengeroom.ui
https://gunny.vcdn.vn/flash/ui/vietnam/morn/ui/ddtvipview.ui
https://gunny.vcdn.vn/flash/ui/vietnam/morn/ui/times.ui
https://gunny.vcdn.vn/flash/ui/vietnam/morn/ui/manual.ui
https://gunny.vcdn.vn/flash/ui/vietnam/morn/ui/ddtcalendar.ui
https://gunny.vcdn.vn/flash/ui/vietnam/morn/ui/petisland.ui
https://gunny.vcdn.vn/flash/ui/vietnam/morn/ui/ddtmatch.ui
https://gunny.vcdn.vn/flash/ui/vietnam/morn/ui/rank.ui
https://gunny.vcdn.vn/flash/ui/vietnam/morn/ui/citybattle.ui
https://gunny.vcdn.vn/flash/ui/vietnam/morn/ui/entertainmentmode.ui
https://gunny.vcdn.vn/flash/ui/vietnam/morn/ui/anotherdimension.ui
https://gunny.vcdn.vn/flash/ui/vietnam/morn/ui/academycommon.ui
https://gunny.vcdn.vn/flash/ui/vietnam/morn/ui/ddtgiftsystem.ui
https://gunny.vcdn.vn/flash/ui/vietnam/morn/ui/ddtcardsystem.ui
https://gunny.vcdn.vn/flash/ui/vietnam/morn/ui/journal.ui
https://gunny.vcdn.vn/flash/ui/vietnam/morn/ui/littlegame.ui
https://gunny.vcdn.vn/flash/ui/vietnam/morn/ui/ddtlittlegame.ui
https://gunny.vcdn.vn/flash/ui/vietnam/morn/ui/elitegame.ui
https://gunny.vcdn.vn/flash/ui/vietnam/morn/ui/caddy.ui
https://gunny.vcdn.vn/flash/ui/vietnam/morn/ui/roulette.ui
https://gunny.vcdn.vn/flash/ui/vietnam/morn/ui/petsbag.ui
https://gunny.vcdn.vn/flash/ui/vietnam/morn/ui/farmpettrainerui.ui
https://gunny.vcdn.vn/flash/ui/vietnam/morn/ui/expression.ui
https://gunny.vcdn.vn/flash/ui/vietnam/morn/ui/ddtroom.ui
https://gunny.vcdn.vn/flash/ui/vietnam/morn/ui/ddtroomloading.ui
https://gunny.vcdn.vn/flash/ui/vietnam/morn/ui/ddtcorescalebitmap.ui
https://gunny.vcdn.vn/flash/ui/vietnam/morn/ui/ddtconsortion.ui
https://gunny.vcdn.vn/flash/ui/vietnam/morn/ui/ddtroomlist.ui
https://gunny.vcdn.vn/flash/ui/vietnam/morn/ui/ddtacademy.ui
https://gunny.vcdn.vn/flash/ui/vietnam/morn/ui/ddtinvite.ui
https://gunny.vcdn.vn/flash/ui/vietnam/morn/ui/ddtelitegame.ui
https://gunny.vcdn.vn/flash/ui/vietnam/morn/ui/gemstone.ui
https://gunny.vcdn.vn/flash/ui/vietnam/morn/ui/ddtburied.ui
https://gunny.vcdn.vn/flash/ui/vietnam/morn/ui/ddtcivil.ui
https://gunny.vcdn.vn/flash/ui/vietnam/morn/ui/redpackage.ui
https://gunny.vcdn.vn/flash/ui/vietnam/morn/ui/godofwealth.ui
https://gunny.vcdn.vn/flash/ui/vietnam/morn/ui/gamestick.ui
https://gunny.vcdn.vn/flash/ui/vietnam/morn/ui/ddtmainbtn.ui
https://gunny.vcdn.vn/flash/ui/vietnam/morn/ui/worldboss.ui
https://gunny.vcdn.vn/flash/ui/vietnam/morn/ui/dice.ui
https://gunny.vcdn.vn/flash/ui/vietnam/morn/ui/ddtbead.ui
https://gunny.vcdn.vn/flash/ui/vietnam/morn/ui/systemopenprompt.ui
https://gunny.vcdn.vn/flash/ui/vietnam/morn/ui/newchickenbox.ui
https://gunny.vcdn.vn/flash/ui/vietnam/morn/ui/kingbless.ui
https://gunny.vcdn.vn/flash/ui/vietnam/morn/ui/league.ui
https://gunny.vcdn.vn/flash/ui/vietnam/morn/ui/latentenergy.ui
https://gunny.vcdn.vn/flash/ui/vietnam/morn/ui/battleground.ui
https://gunny.vcdn.vn/flash/ui/vietnam/morn/ui/wonderfulactivity.ui
https://gunny.vcdn.vn/flash/ui/vietnam/morn/ui/consortiabattle.ui
https://gunny.vcdn.vn/flash/ui/vietnam/morn/ui/campbattle.ui
https://gunny.vcdn.vn/flash/ui/vietnam/morn/ui/dragonboat.ui
https://gunny.vcdn.vn/flash/ui/vietnam/morn/ui/timesupdate.ui
https://gunny.vcdn.vn/flash/ui/vietnam/morn/ui/ddtregressview.ui
https://gunny.vcdn.vn/flash/ui/vietnam/morn/ui/ddtgetticketview.ui
https://gunny.vcdn.vn/flash/ui/vietnam/morn/ui/newtitle.ui
https://gunny.vcdn.vn/flash/ui/vietnam/morn/ui/halloween.ui
https://gunny.vcdn.vn/flash/ui/vietnam/morn/ui/wantstrong.ui
https://gunny.vcdn.vn/flash/ui/vietnam/morn/ui/grouppurchase.ui
https://gunny.vcdn.vn/flash/ui/vietnam/morn/ui/worldbosshelper.ui
https://gunny.vcdn.vn/flash/ui/vietnam/morn/ui/sevendoubleicon.ui
https://gunny.vcdn.vn/flash/ui/vietnam/morn/ui/sevendoubleframe.ui
https://gunny.vcdn.vn/flash/ui/vietnam/morn/ui/sevendoublegame.ui
https://gunny.vcdn.vn/flash/ui/vietnam/morn/ui/mysteriousroulette.ui
https://gunny.vcdn.vn/flash/ui/vietnam/morn/ui/yyvip.ui
https://gunny.vcdn.vn/flash/ui/vietnam/morn/ui/forgemain.ui
https://gunny.vcdn.vn/flash/ui/vietnam/morn/ui/ringstation.ui
https://gunny.vcdn.vn/flash/ui/vietnam/morn/ui/catchbeast.ui
https://gunny.vcdn.vn/flash/ui/vietnam/morn/ui/lanternriddles.ui
https://gunny.vcdn.vn/flash/ui/vietnam/morn/ui/avatarcollection.ui
https://gunny.vcdn.vn/flash/ui/vietnam/morn/ui/playerdress.ui
https://gunny.vcdn.vn/flash/ui/vietnam/morn/ui/flowergiving.ui
https://gunny.vcdn.vn/flash/ui/vietnam/morn/ui/integralshop.ui
https://gunny.vcdn.vn/flash/ui/vietnam/morn/ui/vipintegralshop.ui
https://gunny.vcdn.vn/flash/ui/vietnam/morn/ui/escorticon.ui
https://gunny.vcdn.vn/flash/ui/vietnam/morn/ui/escortframe.ui
https://gunny.vcdn.vn/flash/ui/vietnam/morn/ui/escortgame.ui
https://gunny.vcdn.vn/flash/ui/vietnam/morn/ui/newopenguide.ui
https://gunny.vcdn.vn/flash/ui/vietnam/morn/ui/collectiontask.ui
https://gunny.vcdn.vn/flash/ui/vietnam/morn/ui/bombking.ui
https://gunny.vcdn.vn/flash/ui/vietnam/morn/ui/drgnboaticon.ui
https://gunny.vcdn.vn/flash/ui/vietnam/morn/ui/drgnboatframe.ui
https://gunny.vcdn.vn/flash/ui/vietnam/morn/ui/drgnboatgame.ui
https://gunny.vcdn.vn/flash/ui/vietnam/morn/ui/drgnboatbuild.ui
https://gunny.vcdn.vn/flash/ui/vietnam/morn/ui/foodactivity.ui
https://gunny.vcdn.vn/flash/ui/vietnam/morn/ui/magpiebridge.ui
https://gunny.vcdn.vn/flash/ui/vietnam/morn/ui/cryptboss.ui
https://gunny.vcdn.vn/flash/ui/vietnam/morn/ui/catchinsect.ui
https://gunny.vcdn.vn/flash/ui/vietnam/morn/ui/rescue.ui
https://gunny.vcdn.vn/flash/ui/vietnam/morn/ui/microenddownload.ui
https://gunny.vcdn.vn/flash/ui/vietnam/morn/ui/gypsyshop.ui
https://gunny.vcdn.vn/flash/ui/vietnam/morn/ui/laurel.ui
https://gunny.vcdn.vn/flash/ui/vietnam/morn/ui/nationday.ui
https://gunny.vcdn.vn/flash/ui/vietnam/morn/ui/renshen.ui
https://gunny.vcdn.vn/flash/ui/vietnam/morn/ui/happyrecharge.ui
https://gunny.vcdn.vn/flash/ui/vietnam/morn/ui/lanternfestival2015.ui
https://gunny.vcdn.vn/flash/ui/vietnam/morn/ui/levelfund.ui
https://gunny.vcdn.vn/flash/ui/vietnam/morn/ui/floatparadeicon.ui
https://gunny.vcdn.vn/flash/ui/vietnam/morn/ui/ddtkingfloaticon.ui
https://gunny.vcdn.vn/flash/ui/vietnam/morn/ui/floatparadeframe.ui
https://gunny.vcdn.vn/flash/ui/vietnam/morn/ui/ddtkingfloatframe.ui
https://gunny.vcdn.vn/flash/ui/vietnam/morn/ui/floatparadegame.ui
https://gunny.vcdn.vn/flash/ui/vietnam/morn/ui/ddtkingfloatgame.ui
https://gunny.vcdn.vn/flash/ui/vietnam/morn/ui/storefineforge.ui
https://gunny.vcdn.vn/flash/ui/vietnam/morn/ui/equipghost.ui
https://gunny.vcdn.vn/flash/ui/vietnam/morn/ui/storefinebringup.ui
https://gunny.vcdn.vn/flash/ui/vietnam/morn/ui/panicbuying.ui
https://gunny.vcdn.vn/flash/ui/vietnam/morn/ui/ddtkingletters.ui
https://gunny.vcdn.vn/flash/ui/vietnam/morn/ui/moneytree.ui
https://gunny.vcdn.vn/flash/ui/vietnam/morn/ui/horserace.ui
https://gunny.vcdn.vn/flash/ui/vietnam/morn/ui/gradebuy.ui
https://gunny.vcdn.vn/flash/ui/vietnam/morn/ui/sanxiao.ui
https://gunny.vcdn.vn/flash/ui/vietnam/morn/ui/consortiarose.ui
https://gunny.vcdn.vn/flash/ui/vietnam/morn/ui/wishingtree.ui
https://gunny.vcdn.vn/flash/ui/vietnam/morn/ui/pyramid.ui
https://gunny.vcdn.vn/flash/ui/vietnam/morn/ui/draft.ui
https://gunny.vcdn.vn/flash/ui/vietnam/morn/ui/toymachine.ui
https://gunny.vcdn.vn/flash/ui/vietnam/morn/ui/guardcore.ui
https://gunny.vcdn.vn/flash/ui/vietnam/morn/ui/memorygame.ui
https://gunny.vcdn.vn/flash/ui/vietnam/morn/ui/cloudbuy.ui
https://gunny.vcdn.vn/flash/ui/vietnam/morn/ui/newyearrice.ui
https://gunny.vcdn.vn/flash/ui/vietnam/morn/ui/kingdivision.ui
https://gunny.vcdn.vn/flash/ui/vietnam/morn/ui/prayindiana.ui
https://gunny.vcdn.vn/flash/ui/vietnam/morn/ui/magichouse.ui
https://gunny.vcdn.vn/flash/ui/vietnam/morn/ui/luckstar.ui
https://gunny.vcdn.vn/flash/ui/vietnam/morn/ui/godsroads.ui
https://gunny.vcdn.vn/flash/ui/vietnam/morn/ui/guildmemberweek.ui
https://gunny.vcdn.vn/flash/ui/vietnam/morn/ui/chickactivation.ui
https://gunny.vcdn.vn/flash/ui/vietnam/morn/ui/treasurepuzzle.ui
https://gunny.vcdn.vn/flash/ui/vietnam/morn/ui/ddplay.ui
https://gunny.vcdn.vn/flash/ui/vietnam/morn/ui/zodiac.ui
https://gunny.vcdn.vn/flash/ui/vietnam/morn/ui/superwinner.ui
https://gunny.vcdn.vn/flash/ui/vietnam/morn/ui/treasure.ui
https://gunny.vcdn.vn/flash/ui/vietnam/morn/ui/witchblessing.ui
https://gunny.vcdn.vn/flash/ui/vietnam/morn/ui/sevendaytarget.ui
https://gunny.vcdn.vn/flash/ui/vietnam/morn/ui/redenvelope.ui
https://gunny.vcdn.vn/flash/ui/vietnam/morn/ui/lotteryticket.ui
https://gunny.vcdn.vn/flash/ui/vietnam/morn/ui/growthpackage.ui
https://gunny.vcdn.vn/flash/ui/vietnam/morn/ui/battleskill.ui
https://gunny.vcdn.vn/flash/ui/vietnam/morn/ui/godrefining.ui
https://gunny.vcdn.vn/flash/ui/vietnam/morn/ui/ddqiyuan.ui
https://gunny.vcdn.vn/flash/ui/vietnam/morn/ui/gamebattle.ui
https://gunny.vcdn.vn/flash/ui/vietnam/morn/ui/angelinvestment.ui
https://gunny.vcdn.vn/flash/ui/vietnam/morn/ui/bombturntable.ui
https://gunny.vcdn.vn/flash/ui/vietnam/morn/ui/wasterecycle.ui
https://gunny.vcdn.vn/flash/ui/vietnam/morn/ui/putfireworks.ui
https://gunny.vcdn.vn/flash/ui/vietnam/morn/ui/welfarecenter.ui
https://gunny.vcdn.vn/flash/ui/vietnam/morn/ui/callbackfund.ui
https://gunny.vcdn.vn/flash/ui/vietnam/morn/ui/callbacklotterydraw.ui
https://gunny.vcdn.vn/flash/ui/vietnam/morn/ui/luckeylotterydraw.ui
https://gunny.vcdn.vn/flash/ui/vietnam/morn/ui/rolerecharge.ui
https://gunny.vcdn.vn/flash/ui/vietnam/morn/ui/logindevice.ui
https://gunny.vcdn.vn/flash/ui/vietnam/morn/ui/signactivity.ui
https://gunny.vcdn.vn/flash/ui/vietnam/morn/ui/demonchiyou.ui
https://gunny.vcdn.vn/flash/ui/vietnam/morn/ui/consortiadomain.ui
https://gunny.vcdn.vn/flash/ui/vietnam/morn/ui/gamedecorate.ui
https://gunny.vcdn.vn/flash/ui/vietnam/morn/ui/bravedoor.ui
https://gunny.vcdn.vn/flash/ui/vietnam/morn/ui/cardcollectaward.ui
https://gunny.vcdn.vn/flash/ui/vietnam/morn/ui/vipcoupons.ui
https://gunny.vcdn.vn/flash/ui/vietnam/morn/ui/ddtkinggrade.ui
https://gunny.vcdn.vn/flash/ui/vietnam/morn/ui/goldmine.ui
https://gunny.vcdn.vn/flash/ui/vietnam/morn/ui/consortiaguard.ui
https://gunny.vcdn.vn/flash/ui/vietnam/morn/ui/questionaward.ui
https://gunny.vcdn.vn/flash/ui/vietnam/morn/ui/horseamulet.ui
https://gunny.vcdn.vn/flash/ui/vietnam/morn/ui/oldplayercomeback.ui
https://gunny.vcdn.vn/flash/ui/vietnam/morn/ui/rewardtask.ui
https://gunny.vcdn.vn/flash/ui/vietnam/morn/ui/bombgame.ui
https://gunny.vcdn.vn/flash/ui/vietnam/morn/ui/explorermanual.ui
https://gunny.vcdn.vn/flash/ui/vietnam/morn/ui/ddtkingway.ui
https://gunny.vcdn.vn/flash/ui/vietnam/morn/ui/indiana.ui
https://gunny.vcdn.vn/flash/ui/vietnam/morn/ui/cubegame.ui
https://gunny.vcdn.vn/flash/ui/vietnam/morn/ui/condiscount.ui
https://gunny.vcdn.vn/flash/ui/vietnam/morn/ui/defendisland.ui
https://gunny.vcdn.vn/flash/ui/vietnam/morn/ui/pvepowerbuff.ui
https://gunny.vcdn.vn/flash/ui/vietnam/morn/ui/conrecharge.ui
https://gunny.vcdn.vn/flash/ui/vietnam/morn/ui/teamcreate.ui
https://gunny.vcdn.vn/flash/ui/vietnam/swf/hatbattle.swf
https://gunny.vcdn.vn/flash/ui/vietnam/morn/ui/dreamlandblessing.ui
https://gunny.vcdn.vn/flash/ui/vietnam/swf/hatbattleingame.swf
https://gunny.vcdn.vn/flash/ui/vietnam/morn/ui/cardnewsmallsystem.ui
https://gunny.vcdn.vn/flash/ui/vietnam/morn/ui/hatbattle.ui
https://gunny.vcdn.vn/flash/ui/vietnam/morn/ui/hatbattleingame.ui
https://gunny.vcdn.vn/flash/ui/vietnam/morn/ui/peakroom.ui
https://gunny.vcdn.vn/flash/ui/vietnam/morn/ui/logindeviceraffle.ui
https://gunny.vcdn.vn/flash/ui/vietnam/morn/ui/teamdgnmagic.ui
https://gunny.vcdn.vn/flash/ui/vietnam/morn/ui/tryagain.ui
https://gunny.vcdn.vn/flash/ui/vietnam/swf/consortiontasknew.swf
https://gunny.vcdn.vn/flash/ui/vietnam/swf/storestrength.swf
https://gunny.vcdn.vn/flash/ui/vietnam/swf/elitebattleroom.swf
